<?xml version="1.0" encoding="UTF-8"?>
<testsuites name="jest tests" tests="6" failures="0" errors="0" time="2.44">
  <testsuite name="undefined" errors="0" failures="0" skipped="0" timestamp="2021-04-20T09:16:57" time="1.909" tests="6">
    <testcase classname=" test collapse scalar" name=" test collapse scalar" time="0.017">
    </testcase>
    <testcase classname=" test collapse vector3" name=" test collapse vector3" time="0.002">
    </testcase>
    <testcase classname=" test collapse vector3 desorder" name=" test collapse vector3 desorder" time="0.001">
    </testcase>
    <testcase classname=" test collapse smatrix" name=" test collapse smatrix" time="0.002">
    </testcase>
    <testcase classname=" test collapse smatrix desorder" name=" test collapse smatrix desorder" time="0.001">
    </testcase>
    <testcase classname=" test collapse matrix" name=" test collapse matrix" time="0.002">
    </testcase>
  </testsuite>
</testsuites>